[1027/174116:ERROR:renderer_main.cc(203)] Running without renderer sandbox
[1027/174117:ERROR:child_discardable_shared_memory_manager.cc(266)] size: 4194304
[1027/174118:ERROR:child_discardable_shared_memory_manager.cc(266)] size: 7041024
[1027/174118:ERROR:child_discardable_shared_memory_manager.cc(266)] size: 7041024
[1027/174125:INFO:CONSOLE(643)] "get uin", source: https://connect.qq.com/manage.bundle.js (643)
[1027/174125:INFO:CONSOLE(2740)] "fetchmobile", source: https://connect.qq.com/manage.bundle.js (2740)
[1027/174125:INFO:CONSOLE(643)] "get uin", source: https://connect.qq.com/manage.bundle.js (643)
[1027/174125:INFO:CONSOLE(643)] "get uin", source: https://connect.qq.com/manage.bundle.js (643)
[1027/174126:INFO:CONSOLE(226)] "callbackNick --> undefined", source: https://connect.qq.com/manage.bundle.js (226)
[1027/174126:INFO:CONSOLE(827)] "reject resp.retcode", source: https://connect.qq.com/manage.bundle.js (827)
[1027/174126:INFO:CONSOLE(2790)] "fetchmobile fail err = [object Object]", source: https://connect.qq.com/manage.bundle.js (2790)
[1027/174126:INFO:CONSOLE(827)] "reject resp.retcode", source: https://connect.qq.com/manage.bundle.js (827)
[1027/174126:INFO:CONSOLE(520)] "_fetchDevuserInfo error", source: https://connect.qq.com/manage.bundle.js (520)
[1027/174126:INFO:CONSOLE(207)] "onDevusersChange -->", source: https://connect.qq.com/manage.bundle.js (207)
[1027/174126:INFO:CONSOLE(827)] "reject resp.retcode", source: https://connect.qq.com/manage.bundle.js (827)
[1027/174126:INFO:CONSOLE(1031)] "dictstore init", source: https://connect.qq.com/4.4.bundle.js (1031)
[1027/174126:INFO:CONSOLE(1525)] "DevuserInfoHeader devuser = ", source: https://connect.qq.com/4.4.bundle.js (1525)
[1027/174126:INFO:CONSOLE(643)] "get uin", source: https://connect.qq.com/manage.bundle.js (643)
[1027/174126:INFO:CONSOLE(1245)] "errorMessage = null", source: https://connect.qq.com/4.4.bundle.js (1245)
[1027/174126:INFO:CONSOLE(1245)] "errorMessage = null", source: https://connect.qq.com/4.4.bundle.js (1245)
[1027/174126:INFO:CONSOLE(2740)] "fetchmobile", source: https://connect.qq.com/manage.bundle.js (2740)
[1027/174126:INFO:CONSOLE(643)] "get uin", source: https://connect.qq.com/manage.bundle.js (643)
[1027/174126:INFO:CONSOLE(643)] "get uin", source: https://connect.qq.com/manage.bundle.js (643)
[1027/174126:INFO:CONSOLE(2203)] "WebList items = ", source: https://connect.qq.com/4.4.bundle.js (2203)
[1027/174126:INFO:CONSOLE(1245)] "errorMessage = null", source: https://connect.qq.com/4.4.bundle.js (1245)
[1027/174126:INFO:CONSOLE(1245)] "errorMessage = null", source: https://connect.qq.com/4.4.bundle.js (1245)
[1027/174126:INFO:CONSOLE(1245)] "errorMessage = null", source: https://connect.qq.com/4.4.bundle.js (1245)
[1027/174126:INFO:CONSOLE(1245)] "errorMessage = null", source: https://connect.qq.com/4.4.bundle.js (1245)
[1027/174126:INFO:CONSOLE(1245)] "errorMessage = null", source: https://connect.qq.com/4.4.bundle.js (1245)
[1027/174126:INFO:CONSOLE(1245)] "errorMessage = null", source: https://connect.qq.com/4.4.bundle.js (1245)
[1027/174126:INFO:CONSOLE(827)] "reject resp.retcode", source: https://connect.qq.com/manage.bundle.js (827)
[1027/174126:INFO:CONSOLE(827)] "reject resp.retcode", source: https://connect.qq.com/manage.bundle.js (827)
[1027/174126:INFO:CONSOLE(827)] "reject resp.retcode", source: https://connect.qq.com/manage.bundle.js (827)
[1027/174126:INFO:CONSOLE(827)] "reject resp.retcode", source: https://connect.qq.com/manage.bundle.js (827)
[1027/174126:INFO:CONSOLE(2790)] "fetchmobile fail err = [object Object]", source: https://connect.qq.com/manage.bundle.js (2790)
[1027/174126:INFO:CONSOLE(827)] "reject resp.retcode", source: https://connect.qq.com/manage.bundle.js (827)
[1027/174133:INFO:CONSOLE(917)] "登录回调", source: https://connect.qq.com/manage.bundle.js (917)
[1027/174134:INFO:CONSOLE(946)] "getNick resp", source: https://connect.qq.com/manage.bundle.js (946)
[1027/174134:INFO:CONSOLE(643)] "get uin", source: https://connect.qq.com/manage.bundle.js (643)
[1027/174134:INFO:CONSOLE(226)] "callbackNick --> [object Object]", source: https://connect.qq.com/manage.bundle.js (226)
[1027/174134:INFO:CONSOLE(958)] "LoginStore get_nick success resp", source: https://connect.qq.com/manage.bundle.js (958)
[1027/174134:INFO:CONSOLE(207)] "onDevusersChange -->", source: https://connect.qq.com/manage.bundle.js (207)
[1027/174134:INFO:CONSOLE(1525)] "DevuserInfoHeader devuser = ", source: https://connect.qq.com/4.4.bundle.js (1525)
[1027/174134:INFO:CONSOLE(643)] "get uin", source: https://connect.qq.com/manage.bundle.js (643)
